warning: The following rules have been removed and ignoring them has no effect:
    - UP038

C901 `setup_exception_handlers` is too complex (11 > 10)
  --> core/middleware/exception_handlers.py:18:5
   |
18 | def setup_exception_handlers(app: FastAPI):
   |     ^^^^^^^^^^^^^^^^^^^^^^^^
19 |     """Setup exception handlers for the FastAPI application"""
   |

C901 `transcribe_parallel` is too complex (18 > 10)
   --> services/parallel_transcription/parallel_transcriber.py:151:15
    |
149 |             raise ParallelTranscriptionError(f"Chunk {chunk_index} failed: {e}") from e
150 |
151 |     async def transcribe_parallel(
    |               ^^^^^^^^^^^^^^^^^^^
152 |         self,
153 |         video_path: Path,
    |

Found 2 errors.
