
> langplug-frontend@1.0.0 lint
> eslint src --max-warnings 0


/home/runner/work/IdeaProjects/IdeaProjects/src/frontend/src/components/auth/__tests__/ProtectedRoute.test.tsx
  97:13  error  'container' is assigned a value but never used. Allowed unused vars must match /^_/u  @typescript-eslint/no-unused-vars

/home/runner/work/IdeaProjects/IdeaProjects/src/frontend/src/components/common/__tests__/ErrorBoundary.test.tsx
  132:83  error  Unexpected empty arrow function                                                  @typescript-eslint/no-empty-function
  378:83  error  Unexpected empty arrow function                                                  @typescript-eslint/no-empty-function
  536:13  error  'user' is assigned a value but never used. Allowed unused vars must match /^_/u  @typescript-eslint/no-unused-vars

/home/runner/work/IdeaProjects/IdeaProjects/src/frontend/src/hooks/__tests__/useSubtitleSeek.test.ts
   87:81  error  Unexpected empty arrow function  @typescript-eslint/no-empty-function
  146:81  error  Unexpected empty arrow function  @typescript-eslint/no-empty-function
  160:81  error  Unexpected empty arrow function  @typescript-eslint/no-empty-function
  207:81  error  Unexpected empty arrow function  @typescript-eslint/no-empty-function
  221:81  error  Unexpected empty arrow function  @typescript-eslint/no-empty-function

/home/runner/work/IdeaProjects/IdeaProjects/src/frontend/src/services/__tests__/api-client.test.ts
  44:10  error  'toast' is defined but never used. Allowed unused vars must match /^_/u  @typescript-eslint/no-unused-vars

/home/runner/work/IdeaProjects/IdeaProjects/src/frontend/src/services/__tests__/auth-interceptor.test.ts
  110:14  warning  Forbidden non-null assertion  @typescript-eslint/no-non-null-assertion
  123:14  warning  Forbidden non-null assertion  @typescript-eslint/no-non-null-assertion
  137:14  warning  Forbidden non-null assertion  @typescript-eslint/no-non-null-assertion
  165:14  warning  Forbidden non-null assertion  @typescript-eslint/no-non-null-assertion
  166:14  warning  Forbidden non-null assertion  @typescript-eslint/no-non-null-assertion
  167:14  warning  Forbidden non-null assertion  @typescript-eslint/no-non-null-assertion
  181:14  warning  Forbidden non-null assertion  @typescript-eslint/no-non-null-assertion
  480:14  warning  Forbidden non-null assertion  @typescript-eslint/no-non-null-assertion
  495:14  warning  Forbidden non-null assertion  @typescript-eslint/no-non-null-assertion

✖ 19 problems (10 errors, 9 warnings)

